Hotel-Android-App/hotel-app/app/build/intermediates/manifest_merge_blame_file/debug/manifest-merger-blame-debug-report.txt
1<?xml version="1.0" encoding="utf-8"?>
2<manifest xmlns:android="http://schemas.android.com/apk/res/android"
3    package="com.example.hotel_app"
4    android:versionCode="1"
5    android:versionName="1.0" >
6
7    <uses-sdk
8        android:minSdkVersion="21"
8-->src\main\AndroidManifest.xml
9        android:targetSdkVersion="30" />
9-->src\main\AndroidManifest.xml
10
11    <uses-permission android:name="android.permission.INTERNET" />
11-->src\main\AndroidManifest.xml:6:5-67
11-->src\main\AndroidManifest.xml:6:22-64
12    <uses-permission android:name="android.permission.NFC" />
12-->src\main\AndroidManifest.xml:7:5-62
12-->src\main\AndroidManifest.xml:7:22-59
13
14    <application
14-->src\main\AndroidManifest.xml:9:5-35:19
15        android:allowBackup="true"
15-->src\main\AndroidManifest.xml:10:9-35
16        android:appComponentFactory="androidx.core.app.CoreComponentFactory"
16-->[androidx.core:core:1.3.1] AndroidManifest.xml:24:18-86
17        android:debuggable="true"
18        android:icon="@mipmap/ic_launcher"
18-->src\main\AndroidManifest.xml:11:9-43
19        android:label="@string/app_name"
19-->src\main\AndroidManifest.xml:12:9-41
20        android:roundIcon="@mipmap/ic_launcher_round"
20-->src\main\AndroidManifest.xml:13:9-54
21        android:supportsRtl="true"
21-->src\main\AndroidManifest.xml:14:9-35
22        android:testOnly="true"
23        android:theme="@style/Theme.Hotelapp"
23-->src\main\AndroidManifest.xml:15:9-46
24        android:usesCleartextTraffic="true" >
24-->src\main\AndroidManifest.xml:16:9-44
25        <activity android:name="com.example.hotel_app.NfcActivity" >
25-->src\main\AndroidManifest.xml:18:9-26:20
25-->src\main\AndroidManifest.xml:18:19-46
26            <intent-filter>
26-->src\main\AndroidManifest.xml:19:13-25:29
27                <action android:name="android.nfc.action.NDEF_DISCOVERED" />
27-->src\main\AndroidManifest.xml:20:17-77
27-->src\main\AndroidManifest.xml:20:25-74
28
29                <category android:name="android.intent.category.DEFAULT" />
29-->src\main\AndroidManifest.xml:22:17-76
29-->src\main\AndroidManifest.xml:22:27-73
30
31                <data android:mimeType="text/plain" />
31-->src\main\AndroidManifest.xml:24:17-55
31-->src\main\AndroidManifest.xml:24:23-52
32            </intent-filter>
33        </activity>
34        <activity android:name="com.example.hotel_app.HomeActivity" >
34-->src\main\AndroidManifest.xml:27:9-60
34-->src\main\AndroidManifest.xml:27:19-47
35        </activity>
36        <activity android:name="com.example.hotel_app.MainActivity" >
36-->src\main\AndroidManifest.xml:28:9-34:20
36-->src\main\AndroidManifest.xml:28:19-47
37            <intent-filter>
37-->src\main\AndroidManifest.xml:29:13-33:29
38                <action android:name="android.intent.action.MAIN" />
38-->src\main\AndroidManifest.xml:30:17-69
38-->src\main\AndroidManifest.xml:30:25-66
39
40                <category android:name="android.intent.category.LAUNCHER" />
40-->src\main\AndroidManifest.xml:32:17-77
40-->src\main\AndroidManifest.xml:32:27-74
41            </intent-filter>
42        </activity>
43    </application>
44
45</manifest>